GET /item/61902 304 - - 174.415 ms
GET /stylesheets/style.css 304 - - 3.973 ms
GET /javascripts/jquery/jquery.min.js 304 - - 3.549 ms
GET /javascripts/slideshow.js 304 - - 2.946 ms
GET /javascripts/contact.js 304 - - 0.609 ms
GET /stylesheets/fontawesome/css/all.min.css 200 56517 - 7.082 ms
GET /stylesheets/bootstrap/bootstrap.css 200 213440 - 9.450 ms
GET /images/logo.svg 200 11983 - 1.172 ms
GET /images/rustic_coffee/2.jpg 200 3377121 - 0.908 ms
GET /images/rustic_coffee/0.jpg 200 7693362 - 1.041 ms
GET /images/rustic_coffee/1.jpg 200 8369461 - 1.030 ms
GET /images/favicon.ico 200 318 - 0.501 ms
POST / - - - - ms
GET /item/61902 200 3235 - 84.346 ms
GET /stylesheets/bootstrap/bootstrap.css 304 - - 0.383 ms
GET /stylesheets/style.css 304 - - 0.588 ms
GET /stylesheets/fontawesome/css/all.min.css 304 - - 0.772 ms
GET /javascripts/jquery/jquery.min.js 304 - - 0.656 ms
GET /javascripts/slideshow.js 304 - - 0.585 ms
GET /javascripts/contact.js 200 1447 - 1.332 ms
GET /images/logo.svg 304 - - 0.699 ms
GET /images/rustic_coffee/2.jpg 304 - - 1.709 ms
GET /images/rustic_coffee/0.jpg 200 7693362 - 3.219 ms
GET /images/rustic_coffee/1.jpg 200 8369461 - 2.923 ms
